<?xml version="1.0" encoding="UTF-8"?>
<!-- Generated by org.testng.reporters.JUnitReportReporter -->
<testsuite hostname="DESKTOP-8MA2CUN" failures="0" tests="4" name="restAssuredBasics.HTTPRequests" time="3.437" errors="0" timestamp="2024-03-25T13:38:39 EDT" skipped="0">
  <testcase classname="restAssuredBasics.HTTPRequests" name="getUsers" time="2.348"/>
  <system-out/>
  <testcase classname="restAssuredBasics.HTTPRequests" name="createUser2" time="0.606"/>
  <system-out/>
  <testcase classname="restAssuredBasics.HTTPRequests" name="updateUser" time="0.240"/>
  <system-out/>
  <testcase classname="restAssuredBasics.HTTPRequests" name="deleteUser" time="0.243"/>
  <system-out/>
</testsuite> <!-- restAssuredBasics.HTTPRequests -->
