<?xml version="1.0" encoding="UTF-8"?>
<!-- Generated by org.testng.reporters.JUnitReportReporter -->
<testsuite hostname="DESKTOP-8MA2CUN" failures="0" tests="2" name="restAssuredBasics.PostRequestOrgJson" time="2.330" errors="0" timestamp="2024-03-25T15:09:57 EDT" skipped="0">
  <testcase classname="restAssuredBasics.PostRequestOrgJson" name="testPostUsingjsonLibrary" time="2.301"/>
  <system-out/>
  <testcase classname="restAssuredBasics.PostRequestOrgJson" name="testDelete" time="0.029"/>
  <system-out/>
</testsuite> <!-- restAssuredBasics.PostRequestOrgJson -->
