<?xml version="1.0" encoding="UTF-8"?>
<!-- Generated by org.testng.reporters.JUnitReportReporter -->
<testsuite hostname="DESKTOP-8MA2CUN" failures="0" tests="2" name="restAssuredBasics.CreatePostRequestBody" time="2.565" errors="0" timestamp="2024-03-25T14:53:34 EDT" skipped="0">
  <testcase classname="restAssuredBasics.CreatePostRequestBody" name="testPostUsingHashMap" time="2.529"/>
  <system-out/>
  <testcase classname="restAssuredBasics.CreatePostRequestBody" name="testDelete" time="0.036"/>
  <system-out/>
</testsuite> <!-- restAssuredBasics.CreatePostRequestBody -->
