<?xml version="1.0" encoding="UTF-8"?>
<!-- Generated by org.testng.reporters.JUnitReportReporter -->
<testsuite hostname="DESKTOP-8MA2CUN" failures="0" tests="4" name="api.test.UserTests" time="2.318" errors="0" timestamp="2024-03-29T13:04:59 EDT" skipped="0">
  <testcase classname="api.test.UserTests" name="testPostUser" time="1.987"/>
  <system-out/>
  <testcase classname="api.test.UserTests" name="testGettUser" time="0.088"/>
  <system-out/>
  <testcase classname="api.test.UserTests" name="testUpdatetUser" time="0.165"/>
  <system-out/>
  <testcase classname="api.test.UserTests" name="testdeletetUser" time="0.078"/>
  <system-out/>
</testsuite> <!-- api.test.UserTests -->
