<?xml version="1.0" encoding="UTF-8"?>
<!-- Generated by org.testng.reporters.JUnitReportReporter -->
<testsuite hostname="DESKTOP-8MA2CUN" failures="0" tests="1" name="restAssuredBasics.CookiesAndHeaders" time="2.163" errors="0" timestamp="2024-03-27T14:09:00 EDT" skipped="0">
  <testcase classname="restAssuredBasics.CookiesAndHeaders" name="getHeaders2" time="2.163"/>
  <system-out/>
</testsuite> <!-- restAssuredBasics.CookiesAndHeaders -->
