<?xml version="1.0" encoding="UTF-8"?>
<!-- Generated by org.testng.reporters.JUnitReportReporter -->
<testsuite hostname="DESKTOP-8MA2CUN" failures="0" tests="2" name="restAssuredBasics.PostRequestBodyPojoclass" time="2.789" errors="0" timestamp="2024-03-25T15:23:00 EDT" skipped="0">
  <testcase classname="restAssuredBasics.PostRequestBodyPojoclass" name="testPostUsingHashMap" time="2.737"/>
  <system-out/>
  <testcase classname="restAssuredBasics.PostRequestBodyPojoclass" name="testDelete" time="0.052"/>
  <system-out/>
</testsuite> <!-- restAssuredBasics.PostRequestBodyPojoclass -->
