<?xml version="1.0" encoding="UTF-8"?>
<!-- Generated by org.testng.reporters.JUnitReportReporter -->
<testsuite hostname="DESKTOP-8MA2CUN" failures="0" tests="1" name="restAssuredBasics.PathParameters" time="2.503" errors="0" timestamp="2024-03-27T10:17:02 EDT" skipped="0">
  <testcase classname="restAssuredBasics.PathParameters" name="testQueryAndPathParameters" time="2.503"/>
  <system-out/>
</testsuite> <!-- restAssuredBasics.PathParameters -->
