<?xml version="1.0" encoding="UTF-8"?>
<!-- Generated by org.testng.reporters.JUnitReportReporter -->
<testsuite hostname="DESKTOP-8MA2CUN" failures="0" tests="4" name="api.test.UserTests" time="3.455" errors="0" timestamp="2024-03-29T14:58:18 EDT" skipped="0">
  <testcase classname="api.test.UserTests" name="testPostUser" time="3.082"/>
  <system-out/>
  <testcase classname="api.test.UserTests" name="testGettUser" time="0.111"/>
  <system-out/>
  <testcase classname="api.test.UserTests" name="testUpdatetUser" time="0.182"/>
  <system-out/>
  <testcase classname="api.test.UserTests" name="testdeletetUser" time="0.080"/>
  <system-out/>
</testsuite> <!-- api.test.UserTests -->
